
Showing logs for build [32mcb-kubecd-environment-pr-182-94-dtgwh-1[0m stage [32mfrom-build-pack[0m and container [32mstep-credential-initializer-z7t7d[0m
{"level":"warn","ts":1584318733.345747,"logger":"fallback-logger","caller":"logging/config.go:69","msg":"Fetch GitHub commit ID from kodata failed: \"ref: refs/heads/0.8.0-**-support-backwards-incompats\" is not a valid GitHub commit ID"}
{"level":"info","ts":1584318733.3519657,"logger":"fallback-logger","caller":"creds-init/main.go:40","msg":"Credentials initialized."}

Showing logs for build [32mcb-kubecd-environment-pr-182-94-dtgwh-1[0m stage [32mfrom-build-pack[0m and container [32mstep-working-dir-initializer-lrh2z[0m
{"level":"warn","ts":1584318734.2548056,"logger":"fallback-logger","caller":"logging/config.go:69","msg":"Fetch GitHub commit ID from kodata failed: open /var/run/ko/HEAD: no such file or directory"}
{"level":"info","ts":1584318734.258434,"logger":"fallback-logger","caller":"bash/main.go:64","msg":"Successfully executed command \"sh -c mkdir -p /workspace/source\"; output "}

Showing logs for build [32mcb-kubecd-environment-pr-182-94-dtgwh-1[0m stage [32mfrom-build-pack[0m and container [32mstep-place-tools[0m

Showing logs for build [32mcb-kubecd-environment-pr-182-94-dtgwh-1[0m stage [32mfrom-build-pack[0m and container [32mstep-git-source-cb-kubecd-environment-pr-182-94-dtgwh-x2bld[0m
{"level":"warn","ts":1584318740.4834578,"logger":"fallback-logger","caller":"logging/config.go:69","msg":"Fetch GitHub commit ID from kodata failed: \"ref: refs/heads/0.8.0-**-support-backwards-incompats\" is not a valid GitHub commit ID"}
{"level":"info","ts":1584318741.560496,"logger":"fallback-logger","caller":"git/git.go:103","msg":"Successfully cloned https://github.com/cb-kubecd/environment-pr-182-94-boot-vault-gke-staging.git @ master in path /workspace/source"}

Showing logs for build [32mcb-kubecd-environment-pr-182-94-dtgwh-1[0m stage [32mfrom-build-pack[0m and container [32mstep-git-merge[0m
Using SHAs from PULL_REFS=master:327468de0d324e2a9d72839ef7bf9e0ebd2290e7,1:4d6cd3378f92ca72dad870fb384527d333c7304b
DEBUG: LC_ALL=C JX_LOG_LEVEL=error git fetch origin --unshallow 4d6cd3378f92ca72dad870fb384527d333c7304b: 327468de0d324e2a9d72839ef7bf9e0ebd2290e7:
DEBUG: ran git fetch --unshallow origin 4d6cd3378f92ca72dad870fb384527d333c7304b: 327468de0d324e2a9d72839ef7bf9e0ebd2290e7: in 
DEBUG: LC_ALL=C JX_LOG_LEVEL=error git branch
DEBUG: LC_ALL=C JX_LOG_LEVEL=error git checkout master
DEBUG: ran git checkout master in 
DEBUG: LC_ALL=C JX_LOG_LEVEL=error git reset --hard 327468de0d324e2a9d72839ef7bf9e0ebd2290e7
DEBUG: ran git reset --hard 327468de0d324e2a9d72839ef7bf9e0ebd2290e7 in 
DEBUG: LC_ALL=C JX_LOG_LEVEL=error git clean -fd .
DEBUG: ran clean --force -d . in 
DEBUG: LC_ALL=C JX_LOG_LEVEL=error git merge 4d6cd3378f92ca72dad870fb384527d333c7304b
DEBUG: ran git merge 4d6cd3378f92ca72dad870fb384527d333c7304b in 
DEBUG: LC_ALL=C JX_LOG_LEVEL=error git log --format=%H%x1f%an%x1f%ae%x1f%cn%x1f%ce%x1f%s%n%b%x1e 327468de0d324e2a9d72839ef7bf9e0ebd2290e7..HEAD
Merged SHA 4d6cd3378f92ca72dad870fb384527d333c7304b with commit message 'chore: Promote bdd-spring-1584318400 to version 0.0.1' into base branch master

Showing logs for build [32mcb-kubecd-environment-pr-182-94-dtgwh-1[0m stage [32mfrom-build-pack[0m and container [32mstep-build-helm-build[0m
WARNING: No $CHART_REPOSITORY defined so using the default value of: http://jenkins-x-chartmuseum:8080
Adding missing Helm repo: storage.googleapis.com https://storage.googleapis.com/chartmuseum.jenkins-x.io
WARNING: No secrets found on "helm/repos" due: reading the secret "helm/repos" from vault: no secret "helm/repos" not found in vault
Read credentials for https://storage.googleapis.com/chartmuseum.jenkins-x.io from vault helm/repos
Successfully added Helm repository storage.googleapis.com.
Adding missing Helm repo: jenkins-x-chartmuseum http://jenkins-x-chartmuseum:8080
WARNING: No secrets found on "helm/repos" due: reading the secret "helm/repos" from vault: no secret "helm/repos" not found in vault
Read credentials for http://jenkins-x-chartmuseum:8080 from vault helm/repos
Successfully added Helm repository jenkins-x-chartmuseum.
WARNING: No $CHART_REPOSITORY defined so using the default value of: http://jenkins-x-chartmuseum:8080
Adding missing Helm repo: chartmuseum.jenkins-x.io http://chartmuseum.jenkins-x.io
WARNING: No secrets found on "helm/repos" due: reading the secret "helm/repos" from vault: no secret "helm/repos" not found in vault
Read credentials for http://chartmuseum.jenkins-x.io from vault helm/repos
Successfully added Helm repository chartmuseum.jenkins-x.io.
