
Showing logs for build [32mcb-kubecd-environment-pr-182-94-q9fhh-1[0m stage [32mfrom-build-pack[0m and container [32mstep-credential-initializer-bxqvs[0m
{"level":"warn","ts":1584321172.5968218,"logger":"fallback-logger","caller":"logging/config.go:69","msg":"Fetch GitHub commit ID from kodata failed: \"ref: refs/heads/0.8.0-**-support-backwards-incompats\" is not a valid GitHub commit ID"}
{"level":"info","ts":1584321172.5976098,"logger":"fallback-logger","caller":"creds-init/main.go:40","msg":"Credentials initialized."}

Showing logs for build [32mcb-kubecd-environment-pr-182-94-q9fhh-1[0m stage [32mfrom-build-pack[0m and container [32mstep-working-dir-initializer-r6qfz[0m
{"level":"warn","ts":1584321173.319835,"logger":"fallback-logger","caller":"logging/config.go:69","msg":"Fetch GitHub commit ID from kodata failed: open /var/run/ko/HEAD: no such file or directory"}
{"level":"info","ts":1584321173.324626,"logger":"fallback-logger","caller":"bash/main.go:64","msg":"Successfully executed command \"sh -c mkdir -p /workspace/source\"; output "}

Showing logs for build [32mcb-kubecd-environment-pr-182-94-q9fhh-1[0m stage [32mfrom-build-pack[0m and container [32mstep-place-tools[0m

Showing logs for build [32mcb-kubecd-environment-pr-182-94-q9fhh-1[0m stage [32mfrom-build-pack[0m and container [32mstep-git-source-cb-kubecd-environment-pr-182-94-q9fhh-nrdc2[0m
{"level":"warn","ts":1584321179.6262734,"logger":"fallback-logger","caller":"logging/config.go:69","msg":"Fetch GitHub commit ID from kodata failed: \"ref: refs/heads/0.8.0-**-support-backwards-incompats\" is not a valid GitHub commit ID"}
{"level":"info","ts":1584321180.664774,"logger":"fallback-logger","caller":"git/git.go:103","msg":"Successfully cloned https://github.com/cb-kubecd/environment-pr-182-94-boot-vault-gke-staging.git @ master in path /workspace/source"}

Showing logs for build [32mcb-kubecd-environment-pr-182-94-q9fhh-1[0m stage [32mfrom-build-pack[0m and container [32mstep-git-merge[0m
Using SHAs from PULL_REFS=master:a4a7846d031456ba66c8b31dd04087b9f0b41765,3:a3c1d7ca883c086cf2f819a3c6704ca6ae4def38
DEBUG: LC_ALL=C JX_LOG_LEVEL=error git fetch origin --unshallow a3c1d7ca883c086cf2f819a3c6704ca6ae4def38: a4a7846d031456ba66c8b31dd04087b9f0b41765:
DEBUG: ran git fetch --unshallow origin a3c1d7ca883c086cf2f819a3c6704ca6ae4def38: a4a7846d031456ba66c8b31dd04087b9f0b41765: in 
DEBUG: LC_ALL=C JX_LOG_LEVEL=error git branch
DEBUG: LC_ALL=C JX_LOG_LEVEL=error git checkout master
DEBUG: ran git checkout master in 
DEBUG: LC_ALL=C JX_LOG_LEVEL=error git reset --hard a4a7846d031456ba66c8b31dd04087b9f0b41765
DEBUG: ran git reset --hard a4a7846d031456ba66c8b31dd04087b9f0b41765 in 
DEBUG: LC_ALL=C JX_LOG_LEVEL=error git clean -fd .
DEBUG: ran clean --force -d . in 
DEBUG: JX_LOG_LEVEL=error LC_ALL=C git merge a3c1d7ca883c086cf2f819a3c6704ca6ae4def38
DEBUG: ran git merge a3c1d7ca883c086cf2f819a3c6704ca6ae4def38 in 
DEBUG: LC_ALL=C JX_LOG_LEVEL=error git log --format=%H%x1f%an%x1f%ae%x1f%cn%x1f%ce%x1f%s%n%b%x1e a4a7846d031456ba66c8b31dd04087b9f0b41765..HEAD
Merged SHA a3c1d7ca883c086cf2f819a3c6704ca6ae4def38 with commit message 'chore: Promote bdd-gh-1584319871 to version 0.0.1' into base branch master

Showing logs for build [32mcb-kubecd-environment-pr-182-94-q9fhh-1[0m stage [32mfrom-build-pack[0m and container [32mstep-build-helm-build[0m
WARNING: No $CHART_REPOSITORY defined so using the default value of: http://jenkins-x-chartmuseum:8080
Adding missing Helm repo: storage.googleapis.com https://storage.googleapis.com/chartmuseum.jenkins-x.io
WARNING: No secrets found on "helm/repos" due: reading the secret "helm/repos" from vault: no secret "helm/repos" not found in vault
Read credentials for https://storage.googleapis.com/chartmuseum.jenkins-x.io from vault helm/repos
Successfully added Helm repository storage.googleapis.com.
Adding missing Helm repo: jenkins-x-chartmuseum http://jenkins-x-chartmuseum:8080
WARNING: No secrets found on "helm/repos" due: reading the secret "helm/repos" from vault: no secret "helm/repos" not found in vault
Read credentials for http://jenkins-x-chartmuseum:8080 from vault helm/repos
Successfully added Helm repository jenkins-x-chartmuseum.
WARNING: No $CHART_REPOSITORY defined so using the default value of: http://jenkins-x-chartmuseum:8080
Adding missing Helm repo: chartmuseum.jenkins-x.io http://chartmuseum.jenkins-x.io
WARNING: No secrets found on "helm/repos" due: reading the secret "helm/repos" from vault: no secret "helm/repos" not found in vault
Read credentials for http://chartmuseum.jenkins-x.io from vault helm/repos
Successfully added Helm repository chartmuseum.jenkins-x.io.
